array (
  'error_no' => 2,
  'error_msg' => 'Undefined array key "title"',
  'file' => 'D:\\test\\my_p\\core\\FormRule\\FormRule.php',
  'line' => 54,
  'datetime' => '2023-08-17 09:26:42',
)
array (
  'error_no' => 2,
  'error_msg' => 'Undefined array key "title"',
  'file' => 'D:\\test\\my_p\\core\\FormRule\\FormRule.php',
  'line' => 54,
  'datetime' => '2023-08-17 09:27:07',
)
array (
  'error_no' => 500,
  'error_msg' => 'Uncaught TypeError: app\\api\\controller\\ArticleController::error(): Argument #1 ($data) must be of type array, string given, called in D:\\test\\my_p\\app\\api\\controller\\ArticleController.php on line 36 and defined in D:\\test\\my_p\\app\\lib\\ApiResponse.php:17
Stack trace:
#0 D:\\test\\my_p\\app\\api\\controller\\ArticleController.php(36): app\\api\\controller\\ArticleController->error()
#1 D:\\test\\my_p\\core\\Bootstrap.php(64): app\\api\\controller\\ArticleController->add()
#2 D:\\test\\my_p\\core\\Bootstrap.php(14): core\\Bootstrap::dealRoute()
#3 D:\\test\\my_p\\index.php(4): core\\Bootstrap::run()
#4 {main}
  thrown',
  'file' => 'D:\\test\\my_p\\app\\lib\\ApiResponse.php',
  'line' => 17,
  'datetime' => '2023-08-17 09:28:28',
)
